<?xml version="1.0" encoding="UTF-8"?>
<testsuite xmlns:xsi="http://www.w3.org/2001/XMLSchema-instance" xsi:noNamespaceSchemaLocation="https://maven.apache.org/surefire/maven-surefire-plugin/xsd/surefire-test-report.xsd" name="com.hbt.semillero.servicios.AppTest" time="1.308" tests="2" errors="0" skipped="0" failures="0">
  <properties>
[...]
</properties>
  <testcase name="primeraPU" classname="com.hbt.semillero.servicios.AppTest" time="0.013"/>
  <testcase name="sundaPrueba" classname="com.hbt.semillero.servicios.AppTest" time="0"/>
</testsuite>