<?xml version="1.0" encoding="UTF-8"?>
<testng-results skipped="0" failed="0" ignored="0" total="2" passed="2">
  <reporter-output>
  </reporter-output>
  <suite name="Surefire suite" duration-ms="70" started-at="2019-10-29T12:08:57 COT" finished-at="2019-10-29T12:08:57 COT">
    <groups>
    </groups>
    <test name="Surefire test" duration-ms="70" started-at="2019-10-29T12:08:57 COT" finished-at="2019-10-29T12:08:57 COT">
      <class name="com.hbt.semillero.servicios.AppTest">
        <test-method status="PASS" signature="primeraPU()[pri:0, instance:com.hbt.semillero.servicios.AppTest@20e2cbe0]" name="primeraPU" duration-ms="12" started-at="2019-10-29T12:08:57 COT" finished-at="2019-10-29T12:08:57 COT">
          <reporter-output>
          </reporter-output>
        </test-method> <!-- primeraPU -->
        <test-method status="PASS" signature="sundaPrueba()[pri:0, instance:com.hbt.semillero.servicios.AppTest@20e2cbe0]" name="sundaPrueba" duration-ms="0" started-at="2019-10-29T12:08:57 COT" finished-at="2019-10-29T12:08:57 COT">
          <reporter-output>
          </reporter-output>
        </test-method> <!-- sundaPrueba -->
      </class> <!-- com.hbt.semillero.servicios.AppTest -->
    </test> <!-- Surefire test -->
  </suite> <!-- Surefire suite -->
</testng-results>
